#
# There is insufficient memory for the Java Runtime Environment to continue.
# Native memory allocation (mmap) failed to map 532676608 bytes. Error detail: G1 virtual space
# Possible reasons:
#   The system is out of physical RAM or swap space
#   This process is running with CompressedOops enabled, and the Java Heap may be blocking the growth of the native heap
# Possible solutions:
#   Reduce memory load on the system
#   Increase physical memory or swap space
#   Check if swap backing store is full
#   Decrease Java heap size (-Xmx/-Xms)
#   Decrease number of Java threads
#   Decrease Java thread stack sizes (-Xss)
#   Set larger code cache with -XX:ReservedCodeCacheSize=
#   JVM is running with Zero Based Compressed Oops mode in which the Java heap is
#     placed in the first 32GB address space. The Java Heap base address is the
#     maximum limit for the native heap growth. Please use -XX:HeapBaseMinAddress
#     to set the Java Heap base and to place the Java Heap above 32GB virtual address.
# This output file may be truncated or incomplete.
#
#  Out of Memory Error (os_windows.cpp:3766), pid=40144, tid=76552
#
# JRE version:  (25.0.2+1) (build )
# Java VM: OpenJDK 64-Bit Server VM (25.0.2+1-b329.72, mixed mode, sharing, tiered, compressed oops, compressed class ptrs, g1 gc, windows-amd64)
# No core dump will be written. Minidumps are not enabled by default on client versions of Windows
#

---------------  S U M M A R Y ------------

Command Line: git4idea.http.GitAskPassApp Username for 'https://gitlab.com': 

Host: 12th Gen Intel(R) Core(TM) i7-12700, 20 cores, 31G,  Windows 11 , 64 bit Build 26100 (10.0.26100.8246)
Time: Tue May 19 18:00:52 2026 elapsed time: 1.052407 seconds (0d 0h 0m 1s)

---------------  T H R E A D  ---------------

Current thread (0x0000021fcba52750):  JavaThread "Unknown thread" [_thread_in_vm, id=76552, stack(0x000000b243100000,0x000000b243200000) (1024K)]

Stack: [0x000000b243100000,0x000000b243200000]
Native frames: (J=compiled Java code, j=interpreted, Vv=VM code, C=native code)
V  [jvm.dll+0x7c0b19]  (no source info available)
V  [jvm.dll+0x78a2ed]  (no source info available)
V  [jvm.dll+0xa0e563]  (no source info available)
V  [jvm.dll+0xa10d5c]  (no source info available)
V  [jvm.dll+0xa11453]  (no source info available)
V  [jvm.dll+0x307b86]  (no source info available)
V  [jvm.dll+0x7bcd25]  (no source info available)
V  [jvm.dll+0x7afce7]  (no source info available)
V  [jvm.dll+0x4015ce]  (no source info available)
V  [jvm.dll+0x4093eb]  (no source info available)
V  [jvm.dll+0x3f5c29]  (no source info available)
V  [jvm.dll+0x3f5edb]  (no source info available)
V  [jvm.dll+0x3cc093]  (no source info available)
V  [jvm.dll+0x3cccfe]  (no source info available)
V  [jvm.dll+0x9d48d7]  (no source info available)
V  [jvm.dll+0x466ce2]  (no source info available)
V  [jvm.dll+0x9b8019]  (no source info available)
V  [jvm.dll+0x508951]  (no source info available)
V  [jvm.dll+0x50a2c1]  (no source info available)
C  [jli.dll+0x541a]  (no source info available)
C  [ucrtbase.dll+0x37b0]  (no source info available)
C  [KERNEL32.DLL+0x2e8d7]  (no source info available)
C  [ntdll.dll+0x8c3fc]  (no source info available)

Lock stack of current Java thread (top to bottom):


---------------  P R O C E S S  ---------------

Threads class SMR info:
_java_thread_list=0x00007ffe988e9108, length=0, elements={
}

Java Threads: ( => current thread )
Total: 0

Other Threads:
  0x0000021fce47e2f0 WorkerThread "GC Thread#0"                     [id=91616, stack(0x000000b243200000,0x000000b243300000) (1024K)]
  0x0000021fec21bed0 ConcurrentGCThread "G1 Main Marker"            [id=59340, stack(0x000000b243300000,0x000000b243400000) (1024K)]
  0x0000021fec21ca70 WorkerThread "G1 Conc#0"                       [id=42144, stack(0x000000b243400000,0x000000b243500000) (1024K)]

[error occurred during error reporting (printing all threads), id 0xc0000005, EXCEPTION_ACCESS_VIOLATION (0xc0000005) at pc=0x00007ffe97f00cea]
VM state: not at safepoint (not fully initialized)

VM Mutex/Monitor currently owned by a thread:  ([mutex/lock_event])
[0x00007ffe98971d20] Heap_lock - owner thread: 0x0000021fcba52750

Heap address: 0x0000000604c00000, size: 8116 MB, Compressed Oops mode: Zero based, Oop shift amount: 3

CDS archive(s) mapped at: [0x0000000000000000-0x0000000000000000-0x0000000000000000), size 0, SharedBaseAddress: 0x0000000800000000, ArchiveRelocationMode: 1.
UseCompressedClassPointers 1, UseCompactObjectHeaders 0
Narrow klass pointer bits 32, Max shift 3
Narrow klass base: 0xffffffffffffffff, Narrow klass shift: -1
Encoding Range: [0xffffffffffffffff - 0x000000007fffffff), (2147483648 bytes)
Klass Range:    [0x0000000000000000 - 0x0000000000000000), (0 bytes)
Klass ID Range:  [4294967295 - 0) (1)
No protection zone.

GC Precious Log:
 CardTable entry size: 512
 Card Set container configuration: InlinePtr #cards 4 size 8 Array Of Cards #cards 32 size 80 Howl #buckets 8 coarsen threshold 7372 Howl Bitmap #cards 1024 size 144 coarsen threshold 921 Card regions per heap region 1 cards per card region 8192

Heap:
 garbage-first heap   total reserved 8310784K, committed 0K, used 0K [0x0000000604c00000, 0x0000000800000000)
  region size 4096K, 0 young (0K), 0 survivors (0K)

Heap Regions: E=young(eden), S=young(survivor), O=old, HS=humongous(starts), HC=humongous(continues), CS=collection set, F=free, TAMS=top-at-mark-start, PB=parsable bottom

Card table byte_map: [0x0000021fe3250000,0x0000021fe4230000] _byte_map_base: 0x0000021fe022a000

Marking Bits: (CMBitMap*) 0x0000021fce47ea80
 Bits: [0x0000021fe4230000, 0x0000021fec100000)

GC Heap Usage History (0 events):
No events

Metaspace Usage History (0 events):
No events

Dll operation events (1 events):
Event: 0.011 Loaded shared library C:\Program Files\JetBrains\WebStorm 2026.1\jbr\bin\java.dll

Deoptimization events (0 events):
No events

Classes loaded (0 events):
No events

Classes unloaded (0 events):
No events

Classes redefined (0 events):
No events

Internal exceptions (0 events):
No events

VM Operations (0 events):
No events

Memory protections (0 events):
No events

Nmethod flushes (0 events):
No events

Events (0 events):
No events


Dynamic libraries:
0x00007ff64ef20000 - 0x00007ff64ef2a000 	C:\Program Files\JetBrains\WebStorm 2026.1\jbr\bin\java.exe
0x00007fff26680000 - 0x00007fff268e7000 	C:\Windows\SYSTEM32\ntdll.dll
0x00007fff25430000 - 0x00007fff254f9000 	C:\Windows\System32\KERNEL32.DLL
0x00007fff22f80000 - 0x00007fff23374000 	C:\Windows\System32\KERNELBASE.dll
0x00007fff22b00000 - 0x00007fff22e11000 	C:\Windows\System32\SophosED\SophosED.dll
0x00007fff235c0000 - 0x00007fff2370b000 	C:\Windows\System32\ucrtbase.dll
0x00007ffefcd40000 - 0x00007ffefcd57000 	C:\Program Files\JetBrains\WebStorm 2026.1\jbr\bin\jli.dll
0x00007fff06d70000 - 0x00007fff06d8e000 	C:\Program Files\JetBrains\WebStorm 2026.1\jbr\bin\VCRUNTIME140.dll
0x00007fff26220000 - 0x00007fff263e5000 	C:\Windows\System32\USER32.dll
0x00007fff22f50000 - 0x00007fff22f77000 	C:\Windows\System32\win32u.dll
0x00007fff244c0000 - 0x00007fff244eb000 	C:\Windows\System32\GDI32.dll
0x00007fff23f80000 - 0x00007fff240ab000 	C:\Windows\System32\gdi32full.dll
0x00007fff24160000 - 0x00007fff24203000 	C:\Windows\System32\msvcp_win.dll
0x00007ffee6910000 - 0x00007ffee6ba3000 	C:\Windows\WinSxS\amd64_microsoft.windows.common-controls_6595b64144ccf1df_6.0.26100.8115_none_3e075c82e3354f9c\COMCTL32.dll
0x00007fff24410000 - 0x00007fff244b9000 	C:\Windows\System32\msvcrt.dll
0x00007fff26400000 - 0x00007fff26432000 	C:\Windows\System32\IMM32.DLL
0x00007fff1f100000 - 0x00007fff1f10c000 	C:\Program Files\JetBrains\WebStorm 2026.1\jbr\bin\vcruntime140_1.dll
0x00007ffefcbf0000 - 0x00007ffefcc79000 	C:\Program Files\JetBrains\WebStorm 2026.1\jbr\bin\msvcp140.dll
0x00007ffe97b20000 - 0x00007ffe98a72000 	C:\Program Files\JetBrains\WebStorm 2026.1\jbr\bin\server\jvm.dll
0x00007fff248f0000 - 0x00007fff249a6000 	C:\Windows\System32\ADVAPI32.dll
0x00007fff247b0000 - 0x00007fff24857000 	C:\Windows\System32\sechost.dll
0x00007fff25310000 - 0x00007fff25428000 	C:\Windows\System32\RPCRT4.dll
0x00007fff24860000 - 0x00007fff248e0000 	C:\Windows\System32\WS2_32.dll
0x00007fff228e0000 - 0x00007fff2293e000 	C:\Windows\SYSTEM32\POWRPROF.dll
0x00007fff1c830000 - 0x00007fff1c83b000 	C:\Windows\SYSTEM32\VERSION.dll
0x00007fff1a720000 - 0x00007fff1a756000 	C:\Windows\SYSTEM32\WINMM.dll
0x00007fff228c0000 - 0x00007fff228d4000 	C:\Windows\SYSTEM32\UMPDC.dll
0x00007fff21850000 - 0x00007fff2186b000 	C:\Windows\SYSTEM32\kernel.appcore.dll
0x00007fff14ab0000 - 0x00007fff14aba000 	C:\Program Files\JetBrains\WebStorm 2026.1\jbr\bin\jimage.dll
0x00007fff208a0000 - 0x00007fff20ae2000 	C:\Windows\SYSTEM32\DBGHELP.DLL
0x00007fff256f0000 - 0x00007fff25a72000 	C:\Windows\System32\combase.dll
0x00007fff246d0000 - 0x00007fff247a8000 	C:\Windows\System32\OLEAUT32.dll
0x00007fff06950000 - 0x00007fff0698b000 	C:\Windows\SYSTEM32\dbgcore.DLL
0x00007fff240b0000 - 0x00007fff24155000 	C:\Windows\System32\bcryptPrimitives.dll
0x00007fff06be0000 - 0x00007fff06bff000 	C:\Program Files\JetBrains\WebStorm 2026.1\jbr\bin\java.dll
0x00007fff25550000 - 0x00007fff256e7000 	C:\Windows\System32\ole32.dll
0x00007fff25a80000 - 0x00007fff261e7000 	C:\Windows\System32\SHELL32.dll
0x00007fff242a0000 - 0x00007fff2440a000 	C:\Windows\System32\wintypes.dll

JVMTI agents: none

dbghelp: loaded successfully - version: 4.0.5 - missing functions: none
symbol engine: initialized successfully - sym options: 0x614 - pdb path: .;C:\Program Files\JetBrains\WebStorm 2026.1\jbr\bin;C:\Windows\SYSTEM32;C:\Windows\System32\SophosED;C:\Windows\WinSxS\amd64_microsoft.windows.common-controls_6595b64144ccf1df_6.0.26100.8115_none_3e075c82e3354f9c;C:\Program Files\JetBrains\WebStorm 2026.1\jbr\bin\server

VM Arguments:
java_command: git4idea.http.GitAskPassApp Username for 'https://gitlab.com': 
java_class_path (initial): C:/Program Files/JetBrains/WebStorm 2026.1/plugins/vcs-git/lib/git4idea-rt.jar;C:/Program Files/JetBrains/WebStorm 2026.1/lib/externalProcess-rt.jar
Launcher Type: SUN_STANDARD

[Global flags]
     intx CICompilerCount                          = 12                                        {product} {ergonomic}
     uint ConcGCThreads                            = 4                                         {product} {ergonomic}
     uint G1ConcRefinementThreads                  = 15                                        {product} {ergonomic}
   size_t G1HeapRegionSize                         = 4194304                                   {product} {ergonomic}
   size_t InitialHeapSize                          = 532676608                                 {product} {ergonomic}
   size_t MarkStackSize                            = 4194304                                   {product} {ergonomic}
   size_t MarkStackSizeMax                         = 536870912                                 {product} {ergonomic}
   size_t MaxHeapSize                              = 8510242816                                {product} {ergonomic}
   size_t MinHeapDeltaBytes                        = 4194304                                   {product} {ergonomic}
   size_t MinHeapSize                              = 8388608                                   {product} {ergonomic}
    uintx NonNMethodCodeHeapSize                   = 7602176                                {pd product} {ergonomic}
    uintx NonProfiledCodeHeapSize                  = 122093568                              {pd product} {ergonomic}
    uintx ProfiledCodeHeapSize                     = 121962496                              {pd product} {ergonomic}
    uintx ReservedCodeCacheSize                    = 251658240                              {pd product} {ergonomic}
     bool SegmentedCodeCache                       = true                                      {product} {ergonomic}
   size_t SoftMaxHeapSize                          = 8510242816                             {manageable} {ergonomic}
     bool UseCompressedOops                        = true                           {product lp64_product} {ergonomic}
     bool UseG1GC                                  = true                                      {product} {ergonomic}
     bool UseLargePagesIndividualAllocation        = false                                  {pd product} {ergonomic}

Logging:
Log output configuration:
 #0: stdout all=warning uptime,level,tags foldmultilines=false
 #1: stderr all=off uptime,level,tags foldmultilines=false

Release file:
<release file has not been read>
Environment Variables:
PATH=C:\Users\zazhari\AppData\Local\Programs\Git\mingw64\libexec\git-core;C:\Users\zazhari\AppData\Local\Programs\Git\mingw64\libexec\git-core;C:\Users\zazhari\AppData\Local\Programs\Git\mingw64\bin;C:\Users\zazhari\AppData\Local\Programs\Git\usr\bin;C:\Users\zazhari\bin;C:\Program Files\OpenLogic\jdk-17.0.13.11-hotspot\bin;C:\Program Files\OpenLogic\jdk-11.0.25.9-hotspot\bin;C:\Program Files\OpenLogic\jdk-22.0.2.9-hotspot\bin;C:\Windows\system32;C:\Windows;C:\Windows\System32\Wbem;C:\Windows\System32\WindowsPowerShell\v1.0;C:\Windows\System32\OpenSSH;C:\Program Files\dotnet;C:\Program Files\Docker\Docker\resources\bin;C:\Program Files\nodejs;C:\Users\zazhari\AppData\Local\Programs\Python\Python313\Scripts;C:\Users\zazhari\AppData\Local\Programs\Python\Python313;C:\Users\zazhari\AppData\Local\Programs\Python\Launcher;C:\Users\zazhari\AppData\Local\Microsoft\WindowsApps;C:\Users\zazhari\AppData\Local\Programs\Microsoft VS Code\bin;C:\Users\zazhari\AppData\Local\Programs\Git\cmd;C:\Users\zazhari\Maven\apache-maven-3.9.14\bin;C:\Users\zazhari\AppData\Local\Programs\Python\Python313;C:\Users\zazhari\AppData\Local\Programs\Python\Python313\Scripts
USERNAME=zazhari
DISPLAY=:0.0
LC_ALL=en_US.UTF-8
TERM=xterm-256color
TMPDIR=C:\Users\zazhari\AppData\Local\Temp
OS=Windows_NT
PROCESSOR_IDENTIFIER=Intel64 Family 6 Model 151 Stepping 2, GenuineIntel
TMP=C:\Users\zazhari\AppData\Local\Temp
TEMP=C:\Users\zazhari\AppData\Local\Temp




Compilation memory statistics disabled.

Periodic native trim disabled

JNI global refs:
JNI global refs: 0, weak refs: 0

JNI global refs memory usage: 0, weak refs: 0

Process memory usage:
Resident Set Size: 16232K (0% of 33235692K total physical memory with 3896580K free physical memory)

OOME stack traces (most recent first):
Classloader memory used:

---------------  S Y S T E M  ---------------

OS:
 Windows 11 , 64 bit Build 26100 (10.0.26100.8246)
OS uptime: 5 days 0:07 hours
Hyper-V role detected

CPU: total 20 (initial active 20) (10 cores per cpu, 2 threads per core) family 6 model 151 stepping 2 microcode 0x3e, cx8, cmov, fxsr, ht, mmx, 3dnowpref, sse, sse2, sse3, ssse3, sse4.1, sse4.2, popcnt, lzcnt, tsc, tscinvbit, avx, avx2, aes, erms, clmul, bmi1, bmi2, adx, sha, fma, vzeroupper, clflush, clflushopt, clwb, hv, serialize, rdtscp, rdpid, fsrm, gfni, f16c, cet_ibt, cet_ss
Processor Information for the first 20 processors :
  Max Mhz: 2100, Current Mhz: 2100, Mhz Limit: 2100

Memory: 4k page, system-wide physical 32456M (3805M free)
TotalPageFile size 92816M (AvailPageFile size 254M)
current process WorkingSet (physical memory assigned to process): 15M, peak: 15M
current process commit charge ("private bytes"): 80M, peak: 588M

vm_info: OpenJDK 64-Bit Server VM (25.0.2+1-b329.72) for windows-amd64 JRE (25.0.2+1-b329.72), built on 2026-03-02 with MS VC++ 17.14 (VS2022)

END.
